<?xml version="1.0" encoding="UTF-8"?>
<!-- Generated by org.testng.reporters.JUnitReportReporter -->
<testsuite skipped="0" hostname="CISM-I-191" name="FullProjectSetUp.JenkinGitPracties.Test_SeleniumDemlo" tests="1" failures="0" timestamp="13 Mar 2020 10:10:16 GMT" time="19.790" errors="0">
  <testcase name="browserLaunching" time="19.790" classname="FullProjectSetUp.JenkinGitPracties.Test_SeleniumDemlo"/>
</testsuite> <!-- FullProjectSetUp.JenkinGitPracties.Test_SeleniumDemlo -->
