<?xml version="1.0" encoding="UTF-8"?>
<!-- Generated by org.testng.reporters.JUnitReportReporter -->
<testsuite skipped="0" hostname="CISM-I-191" name="FullProjectSetUp.JenkinGitPracties.SeleniumDemlo" tests="1" failures="0" timestamp="2020-03-13T19:38:57 IST" time="33.359" errors="0">
  <testcase name="browserLaunching" time="33.359" classname="FullProjectSetUp.JenkinGitPracties.SeleniumDemlo"/>
  <system-out/>
</testsuite> <!-- FullProjectSetUp.JenkinGitPracties.SeleniumDemlo -->
